app/build/intermediates/manifest_merge_blame_file/debug/manifest-merger-blame-debug-report.txt
1<?xml version="1.0" encoding="utf-8"?>
2<manifest xmlns:android="http://schemas.android.com/apk/res/android"
3    package="com.doubleclick.marktinhome"
4    android:versionCode="1"
5    android:versionName="1.0" >
6
7    <uses-sdk
8        android:minSdkVersion="21"
8-->src\main\AndroidManifest.xml
9        android:targetSdkVersion="31" />
9-->src\main\AndroidManifest.xml
10
11    <uses-permission android:name="android.permission.INTERNET" />
11-->src\main\AndroidManifest.xml:6:5-67
11-->src\main\AndroidManifest.xml:6:22-64
12    <uses-permission android:name="android.permission.ACCESS_COARSE_LOCATION" />
12-->src\main\AndroidManifest.xml:7:5-81
12-->src\main\AndroidManifest.xml:7:22-78
13    <uses-permission android:name="android.permission.ACCESS_FINE_LOCATION" />
13-->src\main\AndroidManifest.xml:8:5-79
13-->src\main\AndroidManifest.xml:8:22-76
14    <uses-permission android:name="android.permission.ACCESS_NETWORK_STATE" />
14-->[com.google.firebase:firebase-auth:21.0.1] AndroidManifest.xml:24:5-79
14-->[com.google.firebase:firebase-auth:21.0.1] AndroidManifest.xml:24:22-76
15    <uses-permission android:name="android.permission.WAKE_LOCK" /> <!-- Required by older versions of Google Play services to create IID tokens -->
15-->[com.google.firebase:firebase-messaging:23.0.0] AndroidManifest.xml:23:5-68
15-->[com.google.firebase:firebase-messaging:23.0.0] AndroidManifest.xml:23:22-65
16    <uses-permission android:name="com.google.android.c2dm.permission.RECEIVE" />
16-->[com.google.firebase:firebase-messaging:23.0.0] AndroidManifest.xml:25:5-82
16-->[com.google.firebase:firebase-messaging:23.0.0] AndroidManifest.xml:25:22-79
17
18    <uses-feature
18-->[com.google.android.gms:play-services-maps:18.0.2] AndroidManifest.xml:26:5-28:35
19        android:glEsVersion="0x00020000"
19-->[com.google.android.gms:play-services-maps:18.0.2] AndroidManifest.xml:27:9-41
20        android:required="true" />
20-->[com.google.android.gms:play-services-maps:18.0.2] AndroidManifest.xml:28:9-32
21
22    <queries>
22-->[com.google.android.gms:play-services-maps:18.0.2] AndroidManifest.xml:30:5-34:15
23
24        <!-- Needs to be explicitly declared on Android R+ -->
25        <package android:name="com.google.android.apps.maps" />
25-->[com.google.android.gms:play-services-maps:18.0.2] AndroidManifest.xml:33:9-64
25-->[com.google.android.gms:play-services-maps:18.0.2] AndroidManifest.xml:33:18-61
26    </queries>
27
28    <uses-permission android:name="android.permission.CAMERA" />
28-->[io.card:android-sdk:5.5.1] AndroidManifest.xml:9:5-65
28-->[io.card:android-sdk:5.5.1] AndroidManifest.xml:9:22-62
29    <uses-permission android:name="android.permission.VIBRATE" />
29-->[io.card:android-sdk:5.5.1] AndroidManifest.xml:10:5-66
29-->[io.card:android-sdk:5.5.1] AndroidManifest.xml:10:22-63
30
31    <uses-feature
31-->[io.card:android-sdk:5.5.1] AndroidManifest.xml:12:5-14:36
32        android:name="android.hardware.camera"
32-->[io.card:android-sdk:5.5.1] AndroidManifest.xml:13:9-47
33        android:required="false" />
33-->[io.card:android-sdk:5.5.1] AndroidManifest.xml:14:9-33
34    <uses-feature
34-->[io.card:android-sdk:5.5.1] AndroidManifest.xml:15:5-17:36
35        android:name="android.hardware.camera.autofocus"
35-->[io.card:android-sdk:5.5.1] AndroidManifest.xml:16:9-57
36        android:required="false" />
36-->[io.card:android-sdk:5.5.1] AndroidManifest.xml:17:9-33
37
38    <application
38-->src\main\AndroidManifest.xml:10:5-91:19
39        android:name="com.doubleclick.marktinhome.BaseApplication"
39-->src\main\AndroidManifest.xml:11:9-40
40        android:allowBackup="true"
40-->src\main\AndroidManifest.xml:12:9-35
41        android:appComponentFactory="androidx.core.app.CoreComponentFactory"
41-->[androidx.core:core:1.9.0-alpha02] AndroidManifest.xml:24:18-86
42        android:debuggable="true"
43        android:icon="@mipmap/ic_launcher"
43-->src\main\AndroidManifest.xml:13:9-43
44        android:label="@string/app_name"
44-->src\main\AndroidManifest.xml:14:9-41
45        android:roundIcon="@mipmap/ic_launcher_round"
45-->src\main\AndroidManifest.xml:15:9-54
46        android:supportsRtl="true"
46-->src\main\AndroidManifest.xml:16:9-35
47        android:testOnly="true"
48        android:theme="@style/Theme.MarktInHome" >
48-->src\main\AndroidManifest.xml:17:9-49
49        <activity
49-->src\main\AndroidManifest.xml:18:9-20:40
50            android:name="com.doubleclick.marktinhome.ui.MainScreen.Chat.ChatActivity"
50-->src\main\AndroidManifest.xml:19:13-60
51            android:exported="false" />
51-->src\main\AndroidManifest.xml:20:13-37
52        <activity
52-->src\main\AndroidManifest.xml:21:9-23:40
53            android:name="com.doubleclick.marktinhome.ui.MainScreen.Parents.ParentActivity"
53-->src\main\AndroidManifest.xml:22:13-65
54            android:exported="false" />
54-->src\main\AndroidManifest.xml:23:13-37
55        <activity
55-->src\main\AndroidManifest.xml:24:9-26:40
56            android:name="com.doubleclick.marktinhome.ui.MainScreen.Comments.CommentsActivity"
56-->src\main\AndroidManifest.xml:25:13-68
57            android:exported="false" />
57-->src\main\AndroidManifest.xml:26:13-37
58        <activity
58-->src\main\AndroidManifest.xml:27:9-29:40
59            android:name="com.doubleclick.marktinhome.ui.ProductActivity.productActivity"
59-->src\main\AndroidManifest.xml:28:13-63
60            android:exported="false" />
60-->src\main\AndroidManifest.xml:29:13-37
61        <activity
61-->src\main\AndroidManifest.xml:30:9-32:40
62            android:name="com.doubleclick.marktinhome.ui.Filter.FilterActivity"
62-->src\main\AndroidManifest.xml:31:13-53
63            android:exported="false" />
63-->src\main\AndroidManifest.xml:32:13-37
64
65        <meta-data
65-->src\main\AndroidManifest.xml:34:9-36:55
66            android:name="com.google.android.geo.API_KEY"
66-->src\main\AndroidManifest.xml:35:13-58
67            android:value="@string/google_maps_key" />
67-->src\main\AndroidManifest.xml:36:13-52
68
69        <activity
69-->src\main\AndroidManifest.xml:38:9-56:20
70            android:name="com.doubleclick.marktinhome.ui.MainScreen.MainScreenActivity"
70-->src\main\AndroidManifest.xml:39:13-61
71            android:exported="true" >
71-->src\main\AndroidManifest.xml:40:13-36
72
73            <!-- <intent-filter> -->
74            <!-- <action android:name="android.intent.action.MAIN" /> -->
75            <!-- <category android:name="android.intent.category.LAUNCHER" /> -->
76            <!-- </intent-filter> -->
77            <!-- <intent-filter> -->
78            <!-- <action android:name="android.intent.action.VIEW" /> -->
79            <!-- <category android:name="android.intent.category.DEFAULT" /> -->
80            <!-- <category android:name="android.intent.category.BROWSABLE" /> -->
81
82
83            <!-- <data -->
84            <!-- android:host="www.market.doublethink.com" -->
85            <!-- android:scheme="https" /> -->
86            <!-- </intent-filter> -->
87        </activity>
88        <activity
88-->src\main\AndroidManifest.xml:57:9-75:20
89            android:name="com.doubleclick.marktinhome.MainActivity"
89-->src\main\AndroidManifest.xml:58:13-41
90            android:exported="true" >
90-->src\main\AndroidManifest.xml:59:13-36
91            <intent-filter>
91-->src\main\AndroidManifest.xml:60:13-64:29
92                <action android:name="android.intent.action.MAIN" />
92-->src\main\AndroidManifest.xml:61:17-69
92-->src\main\AndroidManifest.xml:61:25-66
93
94                <category android:name="android.intent.category.LAUNCHER" />
94-->src\main\AndroidManifest.xml:63:17-77
94-->src\main\AndroidManifest.xml:63:27-74
95            </intent-filter>
96            <intent-filter>
96-->src\main\AndroidManifest.xml:65:13-74:29
97                <action android:name="android.intent.action.VIEW" />
97-->src\main\AndroidManifest.xml:66:17-69
97-->src\main\AndroidManifest.xml:66:25-66
98
99                <category android:name="android.intent.category.DEFAULT" />
99-->src\main\AndroidManifest.xml:68:17-76
99-->src\main\AndroidManifest.xml:68:27-73
100                <category android:name="android.intent.category.BROWSABLE" />
100-->src\main\AndroidManifest.xml:69:17-78
100-->src\main\AndroidManifest.xml:69:27-75
101
102                <data
102-->src\main\AndroidManifest.xml:71:17-73:46
103                    android:host="www.market.doubleclick.com"
103-->src\main\AndroidManifest.xml:72:21-62
104                    android:scheme="https" />
104-->src\main\AndroidManifest.xml:73:21-43
105            </intent-filter>
106        </activity>
107
108        <meta-data
108-->src\main\AndroidManifest.xml:77:9-79:57
109            android:name="preloaded_fonts"
109-->src\main\AndroidManifest.xml:78:13-43
110            android:resource="@array/preloaded_fonts" />
110-->src\main\AndroidManifest.xml:79:13-54
111
112        <service
112-->src\main\AndroidManifest.xml:81:9-88:19
113            android:name="com.doubleclick.marktinhome.Notifications.MyFirebaseMessaging"
113-->src\main\AndroidManifest.xml:82:13-62
114            android:enabled="true"
114-->src\main\AndroidManifest.xml:83:13-35
115            android:exported="true" >
115-->src\main\AndroidManifest.xml:84:13-36
116            <intent-filter>
116-->src\main\AndroidManifest.xml:85:13-87:29
117                <action android:name="com.google.firebase.MESSAGING_EVENT" />
117-->src\main\AndroidManifest.xml:86:17-78
117-->src\main\AndroidManifest.xml:86:25-75
118            </intent-filter>
119        </service>
120
121        <receiver android:name="com.doubleclick.Servies.NotificationReceiver" />
121-->src\main\AndroidManifest.xml:90:9-81
121-->src\main\AndroidManifest.xml:90:19-78
122
123        <activity
123-->[com.karumi:dexter:6.2.3] AndroidManifest.xml:27:9-29:72
124            android:name="com.karumi.dexter.DexterActivity"
124-->[com.karumi:dexter:6.2.3] AndroidManifest.xml:28:13-60
125            android:theme="@style/Dexter.Internal.Theme.Transparent" />
125-->[com.karumi:dexter:6.2.3] AndroidManifest.xml:29:13-69
126        <activity
126-->[com.google.firebase:firebase-auth:21.0.1] AndroidManifest.xml:27:9-44:20
127            android:name="com.google.firebase.auth.internal.GenericIdpActivity"
127-->[com.google.firebase:firebase-auth:21.0.1] AndroidManifest.xml:28:13-80
128            android:excludeFromRecents="true"
128-->[com.google.firebase:firebase-auth:21.0.1] AndroidManifest.xml:29:13-46
129            android:exported="true"
129-->[com.google.firebase:firebase-auth:21.0.1] AndroidManifest.xml:30:13-36
130            android:launchMode="singleTask"
130-->[com.google.firebase:firebase-auth:21.0.1] AndroidManifest.xml:31:13-44
131            android:theme="@android:style/Theme.Translucent.NoTitleBar" >
131-->[com.google.firebase:firebase-auth:21.0.1] AndroidManifest.xml:32:13-72
132            <intent-filter>
132-->[com.google.firebase:firebase-auth:21.0.1] AndroidManifest.xml:33:13-43:29
133                <action android:name="android.intent.action.VIEW" />
133-->src\main\AndroidManifest.xml:66:17-69
133-->src\main\AndroidManifest.xml:66:25-66
134
135                <category android:name="android.intent.category.DEFAULT" />
135-->src\main\AndroidManifest.xml:68:17-76
135-->src\main\AndroidManifest.xml:68:27-73
136                <category android:name="android.intent.category.BROWSABLE" />
136-->src\main\AndroidManifest.xml:69:17-78
136-->src\main\AndroidManifest.xml:69:27-75
137
138                <data
138-->src\main\AndroidManifest.xml:71:17-73:46
139                    android:host="firebase.auth"
139-->src\main\AndroidManifest.xml:72:21-62
140                    android:path="/"
141                    android:scheme="genericidp" />
141-->src\main\AndroidManifest.xml:73:21-43
142            </intent-filter>
143        </activity>
144        <activity
144-->[com.google.firebase:firebase-auth:21.0.1] AndroidManifest.xml:45:9-62:20
145            android:name="com.google.firebase.auth.internal.RecaptchaActivity"
145-->[com.google.firebase:firebase-auth:21.0.1] AndroidManifest.xml:46:13-79
146            android:excludeFromRecents="true"
146-->[com.google.firebase:firebase-auth:21.0.1] AndroidManifest.xml:47:13-46
147            android:exported="true"
147-->[com.google.firebase:firebase-auth:21.0.1] AndroidManifest.xml:48:13-36
148            android:launchMode="singleTask"
148-->[com.google.firebase:firebase-auth:21.0.1] AndroidManifest.xml:49:13-44
149            android:theme="@android:style/Theme.Translucent.NoTitleBar" >
149-->[com.google.firebase:firebase-auth:21.0.1] AndroidManifest.xml:50:13-72
150            <intent-filter>
150-->[com.google.firebase:firebase-auth:21.0.1] AndroidManifest.xml:51:13-61:29
151                <action android:name="android.intent.action.VIEW" />
151-->src\main\AndroidManifest.xml:66:17-69
151-->src\main\AndroidManifest.xml:66:25-66
152
153                <category android:name="android.intent.category.DEFAULT" />
153-->src\main\AndroidManifest.xml:68:17-76
153-->src\main\AndroidManifest.xml:68:27-73
154                <category android:name="android.intent.category.BROWSABLE" />
154-->src\main\AndroidManifest.xml:69:17-78
154-->src\main\AndroidManifest.xml:69:27-75
155
156                <data
156-->src\main\AndroidManifest.xml:71:17-73:46
157                    android:host="firebase.auth"
157-->src\main\AndroidManifest.xml:72:21-62
158                    android:path="/"
159                    android:scheme="recaptcha" />
159-->src\main\AndroidManifest.xml:73:21-43
160            </intent-filter>
161        </activity>
162
163        <service
163-->[com.google.firebase:firebase-auth:21.0.1] AndroidManifest.xml:64:9-73:19
164            android:name="com.google.firebase.auth.api.fallback.service.FirebaseAuthFallbackService"
164-->[com.google.firebase:firebase-auth:21.0.1] AndroidManifest.xml:65:13-101
165            android:enabled="true"
165-->[com.google.firebase:firebase-auth:21.0.1] AndroidManifest.xml:66:13-35
166            android:exported="false" >
166-->[com.google.firebase:firebase-auth:21.0.1] AndroidManifest.xml:67:13-37
167            <intent-filter>
167-->[com.google.firebase:firebase-auth:21.0.1] AndroidManifest.xml:68:13-72:29
168                <action android:name="com.google.firebase.auth.api.gms.service.START" />
168-->[com.google.firebase:firebase-auth:21.0.1] AndroidManifest.xml:69:17-89
168-->[com.google.firebase:firebase-auth:21.0.1] AndroidManifest.xml:69:25-86
169
170                <category android:name="android.intent.category.DEFAULT" />
170-->src\main\AndroidManifest.xml:68:17-76
170-->src\main\AndroidManifest.xml:68:27-73
171            </intent-filter>
172        </service>
173        <service
173-->[com.google.firebase:firebase-auth:21.0.1] AndroidManifest.xml:74:9-80:19
174            android:name="com.google.firebase.components.ComponentDiscoveryService"
174-->[com.google.firebase:firebase-auth:21.0.1] AndroidManifest.xml:75:13-84
175            android:directBootAware="true"
175-->[com.google.firebase:firebase-common:20.0.0] AndroidManifest.xml:35:13-43
176            android:exported="false" >
176-->[com.google.firebase:firebase-auth:21.0.1] AndroidManifest.xml:76:13-37
177            <meta-data
177-->[com.google.firebase:firebase-auth:21.0.1] AndroidManifest.xml:77:13-79:85
178                android:name="com.google.firebase.components:com.google.firebase.auth.FirebaseAuthRegistrar"
178-->[com.google.firebase:firebase-auth:21.0.1] AndroidManifest.xml:78:17-109
179                android:value="com.google.firebase.components.ComponentRegistrar" />
179-->[com.google.firebase:firebase-auth:21.0.1] AndroidManifest.xml:79:17-82
180            <meta-data
180-->[com.google.firebase:firebase-database:20.0.3] AndroidManifest.xml:32:13-34:85
181                android:name="com.google.firebase.components:com.google.firebase.database.DatabaseRegistrar"
181-->[com.google.firebase:firebase-database:20.0.3] AndroidManifest.xml:33:17-109
182                android:value="com.google.firebase.components.ComponentRegistrar" />
182-->[com.google.firebase:firebase-database:20.0.3] AndroidManifest.xml:34:17-82
183            <meta-data
183-->[com.google.firebase:firebase-firestore:24.0.1] AndroidManifest.xml:20:13-22:85
184                android:name="com.google.firebase.components:com.google.firebase.firestore.FirestoreRegistrar"
184-->[com.google.firebase:firebase-firestore:24.0.1] AndroidManifest.xml:21:17-111
185                android:value="com.google.firebase.components.ComponentRegistrar" />
185-->[com.google.firebase:firebase-firestore:24.0.1] AndroidManifest.xml:22:17-82
186            <meta-data
186-->[com.google.firebase:firebase-storage:20.0.0] AndroidManifest.xml:33:13-35:85
187                android:name="com.google.firebase.components:com.google.firebase.storage.StorageRegistrar"
187-->[com.google.firebase:firebase-storage:20.0.0] AndroidManifest.xml:34:17-107
188                android:value="com.google.firebase.components.ComponentRegistrar" />
188-->[com.google.firebase:firebase-storage:20.0.0] AndroidManifest.xml:35:17-82
189            <meta-data
189-->[com.google.firebase:firebase-messaging:23.0.0] AndroidManifest.xml:52:13-54:85
190                android:name="com.google.firebase.components:com.google.firebase.messaging.FirebaseMessagingRegistrar"
190-->[com.google.firebase:firebase-messaging:23.0.0] AndroidManifest.xml:53:17-119
191                android:value="com.google.firebase.components.ComponentRegistrar" />
191-->[com.google.firebase:firebase-messaging:23.0.0] AndroidManifest.xml:54:17-82
192            <meta-data
192-->[com.google.firebase:firebase-datatransport:18.0.0] AndroidManifest.xml:28:13-30:85
193                android:name="com.google.firebase.components:com.google.firebase.datatransport.TransportRegistrar"
193-->[com.google.firebase:firebase-datatransport:18.0.0] AndroidManifest.xml:29:17-115
194                android:value="com.google.firebase.components.ComponentRegistrar" />
194-->[com.google.firebase:firebase-datatransport:18.0.0] AndroidManifest.xml:30:17-82
195            <meta-data
195-->[com.google.firebase:firebase-installations:17.0.0] AndroidManifest.xml:18:13-20:85
196                android:name="com.google.firebase.components:com.google.firebase.installations.FirebaseInstallationsRegistrar"
196-->[com.google.firebase:firebase-installations:17.0.0] AndroidManifest.xml:19:17-127
197                android:value="com.google.firebase.components.ComponentRegistrar" />
197-->[com.google.firebase:firebase-installations:17.0.0] AndroidManifest.xml:20:17-82
198        </service>
199
200        <activity
200-->[com.google.android.gms:play-services-auth:20.1.0] AndroidManifest.xml:23:9-27:75
201            android:name="com.google.android.gms.auth.api.signin.internal.SignInHubActivity"
201-->[com.google.android.gms:play-services-auth:20.1.0] AndroidManifest.xml:24:13-93
202            android:excludeFromRecents="true"
202-->[com.google.android.gms:play-services-auth:20.1.0] AndroidManifest.xml:25:13-46
203            android:exported="false"
203-->[com.google.android.gms:play-services-auth:20.1.0] AndroidManifest.xml:26:13-37
204            android:theme="@android:style/Theme.Translucent.NoTitleBar" />
204-->[com.google.android.gms:play-services-auth:20.1.0] AndroidManifest.xml:27:13-72
205        <!--
206            Service handling Google Sign-In user revocation. For apps that do not integrate with
207            Google Sign-In, this service will never be started.
208        -->
209        <service
209-->[com.google.android.gms:play-services-auth:20.1.0] AndroidManifest.xml:33:9-37:51
210            android:name="com.google.android.gms.auth.api.signin.RevocationBoundService"
210-->[com.google.android.gms:play-services-auth:20.1.0] AndroidManifest.xml:34:13-89
211            android:exported="true"
211-->[com.google.android.gms:play-services-auth:20.1.0] AndroidManifest.xml:35:13-36
212            android:permission="com.google.android.gms.auth.api.signin.permission.REVOCATION_NOTIFICATION"
212-->[com.google.android.gms:play-services-auth:20.1.0] AndroidManifest.xml:36:13-107
213            android:visibleToInstantApps="true" />
213-->[com.google.android.gms:play-services-auth:20.1.0] AndroidManifest.xml:37:13-48
214
215        <receiver
215-->[com.google.firebase:firebase-messaging:23.0.0] AndroidManifest.xml:28:9-35:20
216            android:name="com.google.firebase.iid.FirebaseInstanceIdReceiver"
216-->[com.google.firebase:firebase-messaging:23.0.0] AndroidManifest.xml:29:13-78
217            android:exported="true"
217-->[com.google.firebase:firebase-messaging:23.0.0] AndroidManifest.xml:30:13-36
218            android:permission="com.google.android.c2dm.permission.SEND" >
218-->[com.google.firebase:firebase-messaging:23.0.0] AndroidManifest.xml:31:13-73
219            <intent-filter>
219-->[com.google.firebase:firebase-messaging:23.0.0] AndroidManifest.xml:32:13-34:29
220                <action android:name="com.google.android.c2dm.intent.RECEIVE" />
220-->[com.google.firebase:firebase-messaging:23.0.0] AndroidManifest.xml:33:17-81
220-->[com.google.firebase:firebase-messaging:23.0.0] AndroidManifest.xml:33:25-78
221            </intent-filter>
222        </receiver>
223        <!--
224             FirebaseMessagingService performs security checks at runtime,
225             but set to not exported to explicitly avoid allowing another app to call it.
226        -->
227        <service
227-->[com.google.firebase:firebase-messaging:23.0.0] AndroidManifest.xml:41:9-48:19
228            android:name="com.google.firebase.messaging.FirebaseMessagingService"
228-->[com.google.firebase:firebase-messaging:23.0.0] AndroidManifest.xml:42:13-82
229            android:directBootAware="true"
229-->[com.google.firebase:firebase-messaging:23.0.0] AndroidManifest.xml:43:13-43
230            android:exported="false" >
230-->[com.google.firebase:firebase-messaging:23.0.0] AndroidManifest.xml:44:13-37
231            <intent-filter android:priority="-500" >
231-->src\main\AndroidManifest.xml:85:13-87:29
232                <action android:name="com.google.firebase.MESSAGING_EVENT" />
232-->src\main\AndroidManifest.xml:86:17-78
232-->src\main\AndroidManifest.xml:86:25-75
233            </intent-filter>
234        </service> <!-- Needs to be explicitly declared on P+ -->
235        <uses-library
235-->[com.google.android.gms:play-services-maps:18.0.2] AndroidManifest.xml:39:9-41:40
236            android:name="org.apache.http.legacy"
236-->[com.google.android.gms:play-services-maps:18.0.2] AndroidManifest.xml:40:13-50
237            android:required="false" />
237-->[com.google.android.gms:play-services-maps:18.0.2] AndroidManifest.xml:41:13-37
238
239        <activity
239-->[com.google.android.gms:play-services-base:18.0.1] AndroidManifest.xml:20:9-22:45
240            android:name="com.google.android.gms.common.api.GoogleApiActivity"
240-->[com.google.android.gms:play-services-base:18.0.1] AndroidManifest.xml:20:19-85
241            android:exported="false"
241-->[com.google.android.gms:play-services-base:18.0.1] AndroidManifest.xml:22:19-43
242            android:theme="@android:style/Theme.Translucent.NoTitleBar" />
242-->[com.google.android.gms:play-services-base:18.0.1] AndroidManifest.xml:21:19-78
243
244        <provider
244-->[com.google.firebase:firebase-common:20.0.0] AndroidManifest.xml:26:9-31:39
245            android:name="com.google.firebase.provider.FirebaseInitProvider"
245-->[com.google.firebase:firebase-common:20.0.0] AndroidManifest.xml:27:13-77
246            android:authorities="com.doubleclick.marktinhome.firebaseinitprovider"
246-->[com.google.firebase:firebase-common:20.0.0] AndroidManifest.xml:28:13-72
247            android:directBootAware="true"
247-->[com.google.firebase:firebase-common:20.0.0] AndroidManifest.xml:29:13-43
248            android:exported="false"
248-->[com.google.firebase:firebase-common:20.0.0] AndroidManifest.xml:30:13-37
249            android:initOrder="100" />
249-->[com.google.firebase:firebase-common:20.0.0] AndroidManifest.xml:31:13-36
250
251        <meta-data
251-->[com.google.android.gms:play-services-basement:18.0.0] AndroidManifest.xml:21:9-23:69
252            android:name="com.google.android.gms.version"
252-->[com.google.android.gms:play-services-basement:18.0.0] AndroidManifest.xml:22:13-58
253            android:value="@integer/google_play_services_version" />
253-->[com.google.android.gms:play-services-basement:18.0.0] AndroidManifest.xml:23:13-66
254
255        <uses-library
255-->[androidx.window:window:1.0.0] AndroidManifest.xml:25:9-27:40
256            android:name="androidx.window.extensions"
256-->[androidx.window:window:1.0.0] AndroidManifest.xml:26:13-54
257            android:required="false" />
257-->[androidx.window:window:1.0.0] AndroidManifest.xml:27:13-37
258        <uses-library
258-->[androidx.window:window:1.0.0] AndroidManifest.xml:28:9-30:40
259            android:name="androidx.window.sidecar"
259-->[androidx.window:window:1.0.0] AndroidManifest.xml:29:13-51
260            android:required="false" />
260-->[androidx.window:window:1.0.0] AndroidManifest.xml:30:13-37
261
262        <activity android:name="com.paypal.android.sdk.payments.PaymentActivity" />
262-->[com.paypal.sdk:paypal-android-sdk:2.16.0] AndroidManifest.xml:13:9-84
262-->[com.paypal.sdk:paypal-android-sdk:2.16.0] AndroidManifest.xml:13:19-81
263        <activity android:name="com.paypal.android.sdk.payments.PaymentMethodActivity" />
263-->[com.paypal.sdk:paypal-android-sdk:2.16.0] AndroidManifest.xml:14:9-90
263-->[com.paypal.sdk:paypal-android-sdk:2.16.0] AndroidManifest.xml:14:19-87
264        <activity android:name="com.paypal.android.sdk.payments.PaymentConfirmActivity" />
264-->[com.paypal.sdk:paypal-android-sdk:2.16.0] AndroidManifest.xml:15:9-91
264-->[com.paypal.sdk:paypal-android-sdk:2.16.0] AndroidManifest.xml:15:19-88
265        <activity android:name="com.paypal.android.sdk.payments.LoginActivity" />
265-->[com.paypal.sdk:paypal-android-sdk:2.16.0] AndroidManifest.xml:16:9-82
265-->[com.paypal.sdk:paypal-android-sdk:2.16.0] AndroidManifest.xml:16:19-79
266        <activity android:name="com.paypal.android.sdk.payments.PayPalFuturePaymentActivity" />
266-->[com.paypal.sdk:paypal-android-sdk:2.16.0] AndroidManifest.xml:17:9-96
266-->[com.paypal.sdk:paypal-android-sdk:2.16.0] AndroidManifest.xml:17:19-93
267        <activity android:name="com.paypal.android.sdk.payments.FuturePaymentConsentActivity" />
267-->[com.paypal.sdk:paypal-android-sdk:2.16.0] AndroidManifest.xml:18:9-97
267-->[com.paypal.sdk:paypal-android-sdk:2.16.0] AndroidManifest.xml:18:19-94
268        <activity android:name="com.paypal.android.sdk.payments.FuturePaymentInfoActivity" />
268-->[com.paypal.sdk:paypal-android-sdk:2.16.0] AndroidManifest.xml:19:9-94
268-->[com.paypal.sdk:paypal-android-sdk:2.16.0] AndroidManifest.xml:19:19-91
269        <activity android:name="com.paypal.android.sdk.payments.PayPalProfileSharingActivity" />
269-->[com.paypal.sdk:paypal-android-sdk:2.16.0] AndroidManifest.xml:20:9-97
269-->[com.paypal.sdk:paypal-android-sdk:2.16.0] AndroidManifest.xml:20:19-94
270        <activity android:name="com.paypal.android.sdk.payments.ProfileSharingConsentActivity" />
270-->[com.paypal.sdk:paypal-android-sdk:2.16.0] AndroidManifest.xml:21:9-98
270-->[com.paypal.sdk:paypal-android-sdk:2.16.0] AndroidManifest.xml:21:19-95
271
272        <service
272-->[com.paypal.sdk:paypal-android-sdk:2.16.0] AndroidManifest.xml:23:9-25:40
273            android:name="com.paypal.android.sdk.payments.PayPalService"
273-->[com.paypal.sdk:paypal-android-sdk:2.16.0] AndroidManifest.xml:24:13-73
274            android:exported="false" />
274-->[com.paypal.sdk:paypal-android-sdk:2.16.0] AndroidManifest.xml:25:13-37
275
276        <provider
276-->[androidx.emoji2:emoji2:1.0.0] AndroidManifest.xml:26:9-34:20
277            android:name="androidx.startup.InitializationProvider"
277-->[androidx.emoji2:emoji2:1.0.0] AndroidManifest.xml:27:13-67
278            android:authorities="com.doubleclick.marktinhome.androidx-startup"
278-->[androidx.emoji2:emoji2:1.0.0] AndroidManifest.xml:28:13-68
279            android:exported="false" >
279-->[androidx.emoji2:emoji2:1.0.0] AndroidManifest.xml:29:13-37
280            <meta-data
280-->[androidx.emoji2:emoji2:1.0.0] AndroidManifest.xml:31:13-33:52
281                android:name="androidx.emoji2.text.EmojiCompatInitializer"
281-->[androidx.emoji2:emoji2:1.0.0] AndroidManifest.xml:32:17-75
282                android:value="androidx.startup" />
282-->[androidx.emoji2:emoji2:1.0.0] AndroidManifest.xml:33:17-49
283            <meta-data
283-->[androidx.lifecycle:lifecycle-process:2.4.0] AndroidManifest.xml:31:13-33:52
284                android:name="androidx.lifecycle.ProcessLifecycleInitializer"
284-->[androidx.lifecycle:lifecycle-process:2.4.0] AndroidManifest.xml:32:17-78
285                android:value="androidx.startup" />
285-->[androidx.lifecycle:lifecycle-process:2.4.0] AndroidManifest.xml:33:17-49
286        </provider>
287
288        <service
288-->[com.google.android.datatransport:transport-backend-cct:3.0.0] AndroidManifest.xml:29:9-35:19
289            android:name="com.google.android.datatransport.runtime.backends.TransportBackendDiscovery"
289-->[com.google.android.datatransport:transport-backend-cct:3.0.0] AndroidManifest.xml:30:13-103
290            android:exported="false" >
290-->[com.google.android.datatransport:transport-backend-cct:3.0.0] AndroidManifest.xml:31:13-37
291            <meta-data
291-->[com.google.android.datatransport:transport-backend-cct:3.0.0] AndroidManifest.xml:32:13-34:39
292                android:name="backend:com.google.android.datatransport.cct.CctBackendFactory"
292-->[com.google.android.datatransport:transport-backend-cct:3.0.0] AndroidManifest.xml:33:17-94
293                android:value="cct" />